Using pre-set license
Built from '2020.3/staging' branch; Version is '2020.3.18f1 (a7d1c678663c) revision 10998214'; Using compiler version '192528614'; Build Type 'Release'
OS: 'Windows 10 Home; OS build 19042.1237; Version 2009; 64bit' Language: 'ko' Physical Memory: 32706 MB
BatchMode: 1, IsHumanControllingUs: 0, StartBugReporterOnCrash: 0, Is64bit: 1, IsPro: 0

COMMAND LINE ARGUMENTS:
C:\Program Files\Unity\Hub\Editor\2020.3.18f1\Editor\Unity.exe
-adb2
-batchMode
-noUpm
-name
AssetImportWorker0
-projectPath
C:/Users/story/Desktop/2021-2 (3-2)/CapStoneDesign/COVIDRUN
-logFile
Logs/AssetImportWorker0.log
-srvPort
59931
Successfully changed project path to: C:/Users/story/Desktop/2021-2 (3-2)/CapStoneDesign/COVIDRUN
C:/Users/story/Desktop/2021-2 (3-2)/CapStoneDesign/COVIDRUN
Using Asset Import Pipeline V2.
Refreshing native plugins compatible for Editor in 29.87 ms, found 2 plugins.
Preloading 0 native plugins for Editor in 0.00 ms.
Initialize engine version: 2020.3.18f1 (a7d1c678663c)
[Subsystems] Discovering subsystems at path C:/Program Files/Unity/Hub/Editor/2020.3.18f1/Editor/Data/Resources/UnitySubsystems
[Subsystems] Discovering subsystems at path C:/Users/story/Desktop/2021-2 (3-2)/CapStoneDesign/COVIDRUN/Assets
GfxDevice: creating device client; threaded=0
Direct3D:
    Version:  Direct3D 11.0 [level 11.1]
    Renderer: NVIDIA GeForce GTX 1650 (ID=0x2188)
    Vendor:   
    VRAM:     3962 MB
    Driver:   27.21.14.6647
Initialize mono
Mono path[0] = 'C:/Program Files/Unity/Hub/Editor/2020.3.18f1/Editor/Data/Managed'
Mono path[1] = 'C:/Program Files/Unity/Hub/Editor/2020.3.18f1/Editor/Data/MonoBleedingEdge/lib/mono/unityjit'
Mono config path = 'C:/Program Files/Unity/Hub/Editor/2020.3.18f1/Editor/Data/MonoBleedingEdge/etc'
Using monoOptions --debugger-agent=transport=dt_socket,embedding=1,server=y,suspend=n,address=127.0.0.1:56876
Begin MonoManager ReloadAssembly
Registering precompiled unity dll's ...
Register platform support module: C:/Program Files/Unity/Hub/Editor/2020.3.18f1/Editor/Data/PlaybackEngines/WindowsStandaloneSupport/UnityEditor.WindowsStandalone.Extensions.dll
Registered in 0.002786 seconds.
Native extension for WindowsStandalone target not found
Refreshing native plugins compatible for Editor in 27.76 ms, found 2 plugins.
Preloading 0 native plugins for Editor in 0.00 ms.
Mono: successfully reloaded assembly
- Completed reload, in  1.135 seconds
Domain Reload Profiling:
	ReloadAssembly (1136ms)
		BeginReloadAssembly (66ms)
			ExecutionOrderSort (0ms)
			DisableScriptedObjects (0ms)
			BackupInstance (0ms)
			ReleaseScriptingObjects (0ms)
			CreateAndSetChildDomain (1ms)
		EndReloadAssembly (407ms)
			LoadAssemblies (64ms)
			RebuildTransferFunctionScriptingTraits (0ms)
			SetupTypeCache (147ms)
			ReleaseScriptCaches (0ms)
			RebuildScriptCaches (30ms)
			SetupLoadedEditorAssemblies (152ms)
				LogAssemblyErrors (0ms)
				InitializePlatformSupportModulesInManaged (4ms)
				SetLoadedEditorAssemblies (0ms)
				RefreshPlugins (28ms)
				BeforeProcessingInitializeOnLoad (16ms)
				ProcessInitializeOnLoadAttributes (75ms)
				ProcessInitializeOnLoadMethodAttributes (28ms)
				AfterProcessingInitializeOnLoad (0ms)
				EditorAssembliesLoaded (0ms)
			ExecutionOrderSort2 (0ms)
			AwakeInstancesAfterBackupRestoration (0ms)
Platform modules already initialized, skipping
Registering precompiled user dll's ...
Registered in 0.004073 seconds.
Begin MonoManager ReloadAssembly
Native extension for WindowsStandalone target not found
Refreshing native plugins compatible for Editor in 0.48 ms, found 2 plugins.
Preloading 0 native plugins for Editor in 0.00 ms.
Mono: successfully reloaded assembly
- Completed reload, in  1.082 seconds
Domain Reload Profiling:
	ReloadAssembly (1084ms)
		BeginReloadAssembly (165ms)
			ExecutionOrderSort (0ms)
			DisableScriptedObjects (4ms)
			BackupInstance (0ms)
			ReleaseScriptingObjects (0ms)
			CreateAndSetChildDomain (20ms)
		EndReloadAssembly (851ms)
			LoadAssemblies (110ms)
			RebuildTransferFunctionScriptingTraits (0ms)
			SetupTypeCache (293ms)
			ReleaseScriptCaches (1ms)
			RebuildScriptCaches (40ms)
			SetupLoadedEditorAssemblies (325ms)
				LogAssemblyErrors (0ms)
				InitializePlatformSupportModulesInManaged (5ms)
				SetLoadedEditorAssemblies (0ms)
				RefreshPlugins (1ms)
				BeforeProcessingInitializeOnLoad (90ms)
				ProcessInitializeOnLoadAttributes (214ms)
				ProcessInitializeOnLoadMethodAttributes (4ms)
				AfterProcessingInitializeOnLoad (10ms)
				EditorAssembliesLoaded (0ms)
			ExecutionOrderSort2 (0ms)
			AwakeInstancesAfterBackupRestoration (6ms)
Platform modules already initialized, skipping
========================================================================
Worker process is ready to serve import requests
Launched and connected shader compiler UnityShaderCompiler.exe after 0.06 seconds
Refreshing native plugins compatible for Editor in 0.65 ms, found 2 plugins.
Preloading 0 native plugins for Editor in 0.00 ms.
Unloading 1397 Unused Serialized files (Serialized files now loaded: 0)
System memory in use before: 67.5 MB.
System memory in use after: 67.5 MB.

Unloading 16 unused Assets to reduce memory usage. Loaded Objects now: 1833.
Total: 3.551800 ms (FindLiveObjects: 0.399400 ms CreateObjectMapping: 0.168300 ms MarkObjects: 2.892600 ms  DeleteObjects: 0.089600 ms)

AssetImportParameters requested are different than current active one (requested -> active):
  custom:framework-win-MediaFoundation: 216162199b28c13a410421893ffa2e32 -> 
  custom:video-decoder-ogg-theora: a1e56fd34408186e4bbccfd4996cb3dc -> 
  custom:container-muxer-webm: aa71ff27fc2769a1b78a27578f13a17b -> 
  custom:container-demuxer-webm: 4f35f7cbe854078d1ac9338744f61a02 -> 
  custom:container-demuxer-ogg: 62fdf1f143b41e24485cea50d1cbac27 -> 
  custom:video-encoder-webm-vp8: eb34c28f22e8b96e1ab97ce403110664 -> 
  custom:video-decoder-webm-vp8: 9c59270c3fd7afecdb556c50c9e8de78 -> 
  custom:audio-decoder-ogg-vorbis: bf7c407c2cedff20999df2af8eb42d56 -> 
  custom:audio-encoder-webm-vorbis: bf7c407c2cedff20999df2af8eb42d56 -> 
========================================================================
Received Import Request.
  path: Assets/cloud.png
  artifactKey: Guid(96f80c9677476494a9ab9a71afc97bf5) Importer(815301076,1909f56bfc062723c751e8b465ee728b)
Start importing Assets/cloud.png using Guid(96f80c9677476494a9ab9a71afc97bf5) Importer(815301076,1909f56bfc062723c751e8b465ee728b)  -> (artifact id: '34e7491a46bdf25fc29c506664949e27') in 0.147014 seconds 
  Import took 0.150143 seconds .

========================================================================
Received Import Request.
  Time since last request: 0.000226 seconds.
  path: Assets/cat_jump2.png
  artifactKey: Guid(ab39bdee8afdbcf48b742bfefe79670f) Importer(815301076,1909f56bfc062723c751e8b465ee728b)
Start importing Assets/cat_jump2.png using Guid(ab39bdee8afdbcf48b742bfefe79670f) Importer(815301076,1909f56bfc062723c751e8b465ee728b)  -> (artifact id: '0bbd8864276667d3a31e12625fdf269a') in 0.019392 seconds 
  Import took 0.021852 seconds .

========================================================================
Received Import Request.
  Time since last request: 0.000284 seconds.
  path: Assets/cat_walk1.png
  artifactKey: Guid(c8ce67644e074e74887cb3df895c91ec) Importer(815301076,1909f56bfc062723c751e8b465ee728b)
Start importing Assets/cat_walk1.png using Guid(c8ce67644e074e74887cb3df895c91ec) Importer(815301076,1909f56bfc062723c751e8b465ee728b)  -> (artifact id: '10a28d8013ee6f75db0a60f3510e3212') in 0.019006 seconds 
  Import took 0.022253 seconds .

========================================================================
Received Import Request.
  Time since last request: 0.000304 seconds.
  path: Assets/cat.png
  artifactKey: Guid(7796a6a7bc414dd42a56cbd8afd783ef) Importer(815301076,1909f56bfc062723c751e8b465ee728b)
Start importing Assets/cat.png using Guid(7796a6a7bc414dd42a56cbd8afd783ef) Importer(815301076,1909f56bfc062723c751e8b465ee728b)  -> (artifact id: '537745090b8f882c91a68d59767029ee') in 0.017404 seconds 
  Import took 0.019905 seconds .

========================================================================
Received Import Request.
  Time since last request: 0.000244 seconds.
  path: Assets/cat_jump3.png
  artifactKey: Guid(5e58f314ae53026498a8f02454820d8c) Importer(815301076,1909f56bfc062723c751e8b465ee728b)
Start importing Assets/cat_jump3.png using Guid(5e58f314ae53026498a8f02454820d8c) Importer(815301076,1909f56bfc062723c751e8b465ee728b)  -> (artifact id: '528f75b92416250d9f65802274aeedc5') in 0.016096 seconds 
  Import took 0.018650 seconds .

========================================================================
Received Import Request.
  Time since last request: 0.000209 seconds.
  path: Assets/cat_walk3.png
  artifactKey: Guid(3bff6f222ec686f4cb8e9bb2e17f704d) Importer(815301076,1909f56bfc062723c751e8b465ee728b)
Start importing Assets/cat_walk3.png using Guid(3bff6f222ec686f4cb8e9bb2e17f704d) Importer(815301076,1909f56bfc062723c751e8b465ee728b)  -> (artifact id: '7c880741395a5a57e497742c66110015') in 0.016077 seconds 
  Import took 0.018534 seconds .

========================================================================
Received Import Request.
  Time since last request: 0.000234 seconds.
  path: Assets/flag.png
  artifactKey: Guid(4a6de27b87f832e418d97868ebe928e4) Importer(815301076,1909f56bfc062723c751e8b465ee728b)
Start importing Assets/flag.png using Guid(4a6de27b87f832e418d97868ebe928e4) Importer(815301076,1909f56bfc062723c751e8b465ee728b)  -> (artifact id: '1a429a243f020e58b9d11c36aee3730a') in 0.016699 seconds 
  Import took 0.019189 seconds .

========================================================================
Received Import Request.
  Time since last request: 0.000236 seconds.
  path: Assets/cat_walk2.png
  artifactKey: Guid(39d711d6f461f334cb80330c42824d3a) Importer(815301076,1909f56bfc062723c751e8b465ee728b)
Start importing Assets/cat_walk2.png using Guid(39d711d6f461f334cb80330c42824d3a) Importer(815301076,1909f56bfc062723c751e8b465ee728b)  -> (artifact id: '07e7ed22f38268c1d82caabe4365bf10') in 0.018871 seconds 
  Import took 0.021275 seconds .

========================================================================
Received Import Request.
  Time since last request: 0.000194 seconds.
  path: Assets/cat_jump1.png
  artifactKey: Guid(4f1093c69271f844a912646c9cc6ae9d) Importer(815301076,1909f56bfc062723c751e8b465ee728b)
Start importing Assets/cat_jump1.png using Guid(4f1093c69271f844a912646c9cc6ae9d) Importer(815301076,1909f56bfc062723c751e8b465ee728b)  -> (artifact id: '9af4d8eeb7e7b07a7ab0dcd443748748') in 0.016604 seconds 
  Import took 0.019733 seconds .

========================================================================
Received Import Request.
  Time since last request: 0.000258 seconds.
  path: Assets/background.png
  artifactKey: Guid(616b5cca6b004544593e78032c552fdc) Importer(815301076,1909f56bfc062723c751e8b465ee728b)
Start importing Assets/background.png using Guid(616b5cca6b004544593e78032c552fdc) Importer(815301076,1909f56bfc062723c751e8b465ee728b)  -> (artifact id: 'da61287e2e51a18d06d969ede8da0f97') in 0.017439 seconds 
  Import took 0.020297 seconds .

========================================================================
Received Import Request.
  Time since last request: 0.000215 seconds.
  path: Assets/background_clear.png
  artifactKey: Guid(29b30e9184aaecb40a40ced7b253aafa) Importer(815301076,1909f56bfc062723c751e8b465ee728b)
Start importing Assets/background_clear.png using Guid(29b30e9184aaecb40a40ced7b253aafa) Importer(815301076,1909f56bfc062723c751e8b465ee728b)  -> (artifact id: '7a88cc2abb7550cb5712de14c8aac12d') in 0.032656 seconds 
  Import took 0.034960 seconds .

========================================================================
Received Import Request.
  Time since last request: 4.271699 seconds.
  path: Assets/New Folder
  artifactKey: Guid(55135bf9fb4d2404aa077be826d9c7ea) Importer(815301076,1909f56bfc062723c751e8b465ee728b)
Start importing Assets/New Folder using Guid(55135bf9fb4d2404aa077be826d9c7ea) Importer(815301076,1909f56bfc062723c751e8b465ee728b)  -> (artifact id: 'a2d08c2527fd2ba74ffc6b9e2a9b6710') in 0.004159 seconds 
  Import took 0.007076 seconds .

========================================================================
Received Import Request.
  Time since last request: 0.000273 seconds.
  path: Assets/New Folder
  artifactKey: Guid(55135bf9fb4d2404aa077be826d9c7ea) Importer(815301076,1909f56bfc062723c751e8b465ee728b)
Start importing Assets/New Folder using Guid(55135bf9fb4d2404aa077be826d9c7ea) Importer(815301076,1909f56bfc062723c751e8b465ee728b)  -> (artifact id: 'a2d08c2527fd2ba74ffc6b9e2a9b6710') in 0.003116 seconds 
  Import took 0.005773 seconds .

========================================================================
Received Import Request.
  Time since last request: 17.509169 seconds.
  path: Assets/Images
  artifactKey: Guid(55135bf9fb4d2404aa077be826d9c7ea) Importer(815301076,1909f56bfc062723c751e8b465ee728b)
Start importing Assets/Images using Guid(55135bf9fb4d2404aa077be826d9c7ea) Importer(815301076,1909f56bfc062723c751e8b465ee728b)  -> (artifact id: 'bcd868133e90480674bed94966dde296') in 0.003955 seconds 
  Import took 0.006652 seconds .

========================================================================
Received Import Request.
  Time since last request: 14.605919 seconds.
  path: Assets/Images/Background
  artifactKey: Guid(9c6a99a1d29e2154e9c76cc26829a7c0) Importer(815301076,1909f56bfc062723c751e8b465ee728b)
Start importing Assets/Images/Background using Guid(9c6a99a1d29e2154e9c76cc26829a7c0) Importer(815301076,1909f56bfc062723c751e8b465ee728b)  -> (artifact id: 'c80469d9edfeba3641747e79ae523f3d') in 0.005323 seconds 
  Import took 0.008193 seconds .

========================================================================
Received Import Request.
  Time since last request: 0.000467 seconds.
  path: Assets/Images/Background
  artifactKey: Guid(9c6a99a1d29e2154e9c76cc26829a7c0) Importer(815301076,1909f56bfc062723c751e8b465ee728b)
Start importing Assets/Images/Background using Guid(9c6a99a1d29e2154e9c76cc26829a7c0) Importer(815301076,1909f56bfc062723c751e8b465ee728b)  -> (artifact id: 'c80469d9edfeba3641747e79ae523f3d') in 0.003396 seconds 
  Import took 0.006379 seconds .

========================================================================
Received Import Request.
  Time since last request: 4.480047 seconds.
  path: Assets/Images/ui
  artifactKey: Guid(88263724a133ff442a8ba900c32e36a8) Importer(815301076,1909f56bfc062723c751e8b465ee728b)
Start importing Assets/Images/ui using Guid(88263724a133ff442a8ba900c32e36a8) Importer(815301076,1909f56bfc062723c751e8b465ee728b)  -> (artifact id: 'cb800c0966a5e434c4e85ffc590e8fe2') in 0.003646 seconds 
  Import took 0.006598 seconds .

========================================================================
Received Import Request.
  Time since last request: 0.000442 seconds.
  path: Assets/Images/ui
  artifactKey: Guid(88263724a133ff442a8ba900c32e36a8) Importer(815301076,1909f56bfc062723c751e8b465ee728b)
Start importing Assets/Images/ui using Guid(88263724a133ff442a8ba900c32e36a8) Importer(815301076,1909f56bfc062723c751e8b465ee728b)  -> (artifact id: 'cb800c0966a5e434c4e85ffc590e8fe2') in 0.004666 seconds 
  Import took 0.007579 seconds .

========================================================================
Received Import Request.
  Time since last request: 3.893146 seconds.
  path: Assets/Images/UI
  artifactKey: Guid(88263724a133ff442a8ba900c32e36a8) Importer(815301076,1909f56bfc062723c751e8b465ee728b)
Start importing Assets/Images/UI using Guid(88263724a133ff442a8ba900c32e36a8) Importer(815301076,1909f56bfc062723c751e8b465ee728b)  -> (artifact id: '74abb09e4313d9b51d79d4da42d86373') in 0.004198 seconds 
  Import took 0.010443 seconds .

========================================================================
Received Import Request.
  Time since last request: 45.285234 seconds.
  path: Assets/Images/Background/도시낮.png
  artifactKey: Guid(9c192547ebe302b4bb60129d43eac038) Importer(815301076,1909f56bfc062723c751e8b465ee728b)
Start importing Assets/Images/Background/도시낮.png using Guid(9c192547ebe302b4bb60129d43eac038) Importer(815301076,1909f56bfc062723c751e8b465ee728b)  -> (artifact id: '2098f7dedbb768403ab75e8ff832ff1e') in 0.010707 seconds 
  Import took 0.013237 seconds .

========================================================================
Received Import Request.
  Time since last request: 0.000205 seconds.
  path: Assets/Images/Background/도시밤2.png
  artifactKey: Guid(cb16d3b1dbc30044398d86c4ccb3a5f4) Importer(815301076,1909f56bfc062723c751e8b465ee728b)
Start importing Assets/Images/Background/도시밤2.png using Guid(cb16d3b1dbc30044398d86c4ccb3a5f4) Importer(815301076,1909f56bfc062723c751e8b465ee728b)  -> (artifact id: '234f813cc773ffcb5043506e6a05155a') in 0.016035 seconds 
  Import took 0.018245 seconds .

========================================================================
Received Import Request.
  Time since last request: 0.000231 seconds.
  path: Assets/Images/Background/도시낮2.png
  artifactKey: Guid(e072d6406227e18489e92dd5cb36606b) Importer(815301076,1909f56bfc062723c751e8b465ee728b)
Start importing Assets/Images/Background/도시낮2.png using Guid(e072d6406227e18489e92dd5cb36606b) Importer(815301076,1909f56bfc062723c751e8b465ee728b)  -> (artifact id: '4abea92e867704f42fac20488f38fd5d') in 0.017922 seconds 
  Import took 0.020217 seconds .

========================================================================
Received Import Request.
  Time since last request: 0.000234 seconds.
  path: Assets/Images/Background/땅2.png
  artifactKey: Guid(e1f6d288b4fd1124bb6d9f49e189ac61) Importer(815301076,1909f56bfc062723c751e8b465ee728b)
Start importing Assets/Images/Background/땅2.png using Guid(e1f6d288b4fd1124bb6d9f49e189ac61) Importer(815301076,1909f56bfc062723c751e8b465ee728b)  -> (artifact id: 'aac1979c1bd193a81736ef3f1814d8cc') in 0.012844 seconds 
  Import took 0.015672 seconds .

========================================================================
Received Import Request.
  Time since last request: 0.000220 seconds.
  path: Assets/Images/Background/도시밤.png
  artifactKey: Guid(f80b5d340fd0a1048a0f637a3f75be74) Importer(815301076,1909f56bfc062723c751e8b465ee728b)
Start importing Assets/Images/Background/도시밤.png using Guid(f80b5d340fd0a1048a0f637a3f75be74) Importer(815301076,1909f56bfc062723c751e8b465ee728b)  -> (artifact id: 'a9c807dd4e33d3a6506e06c23fecf4f8') in 0.011949 seconds 
  Import took 0.014310 seconds .

========================================================================
Received Import Request.
  Time since last request: 0.000225 seconds.
  path: Assets/Images/Background/시작화면.png
  artifactKey: Guid(2d1ded64779f0b040b3c5f0d60d2c165) Importer(815301076,1909f56bfc062723c751e8b465ee728b)
Start importing Assets/Images/Background/시작화면.png using Guid(2d1ded64779f0b040b3c5f0d60d2c165) Importer(815301076,1909f56bfc062723c751e8b465ee728b)  -> (artifact id: '3cac41968f2855945b70899b310c011c') in 0.009885 seconds 
  Import took 0.012863 seconds .

========================================================================
Received Import Request.
  Time since last request: 0.000255 seconds.
  path: Assets/Images/Background/바다.png
  artifactKey: Guid(6265ec85010d6ea4e82da04b6e87fa09) Importer(815301076,1909f56bfc062723c751e8b465ee728b)
Start importing Assets/Images/Background/바다.png using Guid(6265ec85010d6ea4e82da04b6e87fa09) Importer(815301076,1909f56bfc062723c751e8b465ee728b)  -> (artifact id: '4568ff338c5523e7418abe5c7731bfbf') in 0.011689 seconds 
  Import took 0.014604 seconds .

========================================================================
Received Import Request.
  Time since last request: 0.000266 seconds.
  path: Assets/Images/Background/땅.png
  artifactKey: Guid(dcc0d10193f00d1438d8c872f62ce373) Importer(815301076,1909f56bfc062723c751e8b465ee728b)
Start importing Assets/Images/Background/땅.png using Guid(dcc0d10193f00d1438d8c872f62ce373) Importer(815301076,1909f56bfc062723c751e8b465ee728b)  -> (artifact id: '3ec897dfa69c7696076b6a83d2874a18') in 0.012674 seconds 
  Import took 0.015797 seconds .

========================================================================
Received Import Request.
  Time since last request: 45.370039 seconds.
  path: Assets/Images/Background/시작화면.png
  artifactKey: Guid(2d1ded64779f0b040b3c5f0d60d2c165) Importer(815301076,1909f56bfc062723c751e8b465ee728b)
Start importing Assets/Images/Background/시작화면.png using Guid(2d1ded64779f0b040b3c5f0d60d2c165) Importer(815301076,1909f56bfc062723c751e8b465ee728b)  -> (artifact id: 'c043a5586e55ca99ecbd0e950661b862') in 0.017639 seconds 
  Import took 0.020400 seconds .

========================================================================
Received Import Request.
  Time since last request: 16.209961 seconds.
  path: Assets/_Scripts
  artifactKey: Guid(4d803fb2cf8eb6143af691db20aa2815) Importer(815301076,1909f56bfc062723c751e8b465ee728b)
Start importing Assets/_Scripts using Guid(4d803fb2cf8eb6143af691db20aa2815) Importer(815301076,1909f56bfc062723c751e8b465ee728b)  -> (artifact id: '315df4afbf769483ac4ea044dc7f3fee') in 0.003567 seconds 
  Import took 0.006015 seconds .

========================================================================
Received Import Request.
  Time since last request: 7.150981 seconds.
  path: Assets/Sprites
  artifactKey: Guid(55135bf9fb4d2404aa077be826d9c7ea) Importer(815301076,1909f56bfc062723c751e8b465ee728b)
Start importing Assets/Sprites using Guid(55135bf9fb4d2404aa077be826d9c7ea) Importer(815301076,1909f56bfc062723c751e8b465ee728b)  -> (artifact id: '2e347dd8c2aff6c98366c965206c0492') in 0.004101 seconds 
  Import took 0.006904 seconds .

========================================================================
Received Import Request.
  Time since last request: 316.700702 seconds.
  path: Assets/Scenes/TitleScene.unity
  artifactKey: Guid(9a7bb8850b3e73049b56d3ca9b7d4a48) Importer(815301076,1909f56bfc062723c751e8b465ee728b)
Start importing Assets/Scenes/TitleScene.unity using Guid(9a7bb8850b3e73049b56d3ca9b7d4a48) Importer(815301076,1909f56bfc062723c751e8b465ee728b)  -> (artifact id: 'e6239d0047f1f4e5df7c2b60689d57a6') in 0.004459 seconds 
  Import took 0.007429 seconds .

========================================================================
Received Prepare
Registering precompiled user dll's ...
Registered in 0.003992 seconds.
Begin MonoManager ReloadAssembly
Native extension for WindowsStandalone target not found
Refreshing native plugins compatible for Editor in 0.34 ms, found 2 plugins.
Preloading 0 native plugins for Editor in 0.00 ms.
Mono: successfully reloaded assembly
- Completed reload, in  1.095 seconds
Domain Reload Profiling:
	ReloadAssembly (1095ms)
		BeginReloadAssembly (136ms)
			ExecutionOrderSort (0ms)
			DisableScriptedObjects (4ms)
			BackupInstance (0ms)
			ReleaseScriptingObjects (0ms)
			CreateAndSetChildDomain (36ms)
		EndReloadAssembly (891ms)
			LoadAssemblies (106ms)
			RebuildTransferFunctionScriptingTraits (0ms)
			SetupTypeCache (300ms)
			ReleaseScriptCaches (1ms)
			RebuildScriptCaches (38ms)
			SetupLoadedEditorAssemblies (317ms)
				LogAssemblyErrors (0ms)
				InitializePlatformSupportModulesInManaged (5ms)
				SetLoadedEditorAssemblies (0ms)
				RefreshPlugins (0ms)
				BeforeProcessingInitializeOnLoad (90ms)
				ProcessInitializeOnLoadAttributes (205ms)
				ProcessInitializeOnLoadMethodAttributes (6ms)
				AfterProcessingInitializeOnLoad (9ms)
				EditorAssembliesLoaded (0ms)
			ExecutionOrderSort2 (0ms)
			AwakeInstancesAfterBackupRestoration (8ms)
Platform modules already initialized, skipping
Refreshing native plugins compatible for Editor in 0.50 ms, found 2 plugins.
Preloading 0 native plugins for Editor in 0.00 ms.
Unloading 1391 Unused Serialized files (Serialized files now loaded: 0)
System memory in use before: 70.4 MB.
System memory in use after: 70.5 MB.

Unloading 11 unused Assets to reduce memory usage. Loaded Objects now: 1852.
Total: 4.133800 ms (FindLiveObjects: 0.257900 ms CreateObjectMapping: 0.069500 ms MarkObjects: 3.782500 ms  DeleteObjects: 0.022500 ms)

AssetImportParameters requested are different than current active one (requested -> active):
  custom:framework-win-MediaFoundation: 216162199b28c13a410421893ffa2e32 -> 
  custom:video-decoder-ogg-theora: a1e56fd34408186e4bbccfd4996cb3dc -> 
  custom:container-muxer-webm: aa71ff27fc2769a1b78a27578f13a17b -> 
  custom:container-demuxer-webm: 4f35f7cbe854078d1ac9338744f61a02 -> 
  custom:container-demuxer-ogg: 62fdf1f143b41e24485cea50d1cbac27 -> 
  custom:video-encoder-webm-vp8: eb34c28f22e8b96e1ab97ce403110664 -> 
  custom:video-decoder-webm-vp8: 9c59270c3fd7afecdb556c50c9e8de78 -> 
  custom:audio-decoder-ogg-vorbis: bf7c407c2cedff20999df2af8eb42d56 -> 
  custom:audio-encoder-webm-vorbis: bf7c407c2cedff20999df2af8eb42d56 -> 
========================================================================
Received Import Request.
  Time since last request: 114.972058 seconds.
  path: Assets/Scenes/HowToPlayScene.unity
  artifactKey: Guid(1b738f2e77d0743439d844c2532f0b90) Importer(815301076,1909f56bfc062723c751e8b465ee728b)
Start importing Assets/Scenes/HowToPlayScene.unity using Guid(1b738f2e77d0743439d844c2532f0b90) Importer(815301076,1909f56bfc062723c751e8b465ee728b)  -> (artifact id: '87b326086dec90361eb2089a3b012375') in 0.011491 seconds 
  Import took 0.013978 seconds .

========================================================================
Received Prepare
Registering precompiled user dll's ...
Registered in 0.003973 seconds.
Begin MonoManager ReloadAssembly
Native extension for WindowsStandalone target not found
Refreshing native plugins compatible for Editor in 0.45 ms, found 2 plugins.
Preloading 0 native plugins for Editor in 0.00 ms.
Mono: successfully reloaded assembly
- Completed reload, in  1.016 seconds
Domain Reload Profiling:
	ReloadAssembly (1017ms)
		BeginReloadAssembly (120ms)
			ExecutionOrderSort (0ms)
			DisableScriptedObjects (4ms)
			BackupInstance (0ms)
			ReleaseScriptingObjects (0ms)
			CreateAndSetChildDomain (33ms)
		EndReloadAssembly (824ms)
			LoadAssemblies (104ms)
			RebuildTransferFunctionScriptingTraits (0ms)
			SetupTypeCache (277ms)
			ReleaseScriptCaches (1ms)
			RebuildScriptCaches (45ms)
			SetupLoadedEditorAssemblies (304ms)
				LogAssemblyErrors (0ms)
				InitializePlatformSupportModulesInManaged (7ms)
				SetLoadedEditorAssemblies (1ms)
				RefreshPlugins (1ms)
				BeforeProcessingInitializeOnLoad (86ms)
				ProcessInitializeOnLoadAttributes (195ms)
				ProcessInitializeOnLoadMethodAttributes (4ms)
				AfterProcessingInitializeOnLoad (10ms)
				EditorAssembliesLoaded (0ms)
			ExecutionOrderSort2 (0ms)
			AwakeInstancesAfterBackupRestoration (7ms)
Platform modules already initialized, skipping
Refreshing native plugins compatible for Editor in 0.60 ms, found 2 plugins.
Preloading 0 native plugins for Editor in 0.00 ms.
Unloading 1391 Unused Serialized files (Serialized files now loaded: 0)
System memory in use before: 70.4 MB.
System memory in use after: 70.5 MB.

Unloading 11 unused Assets to reduce memory usage. Loaded Objects now: 1854.
Total: 2.617400 ms (FindLiveObjects: 0.156000 ms CreateObjectMapping: 0.051800 ms MarkObjects: 2.393700 ms  DeleteObjects: 0.014800 ms)

AssetImportParameters requested are different than current active one (requested -> active):
  custom:framework-win-MediaFoundation: 216162199b28c13a410421893ffa2e32 -> 
  custom:video-decoder-ogg-theora: a1e56fd34408186e4bbccfd4996cb3dc -> 
  custom:container-muxer-webm: aa71ff27fc2769a1b78a27578f13a17b -> 
  custom:container-demuxer-webm: 4f35f7cbe854078d1ac9338744f61a02 -> 
  custom:container-demuxer-ogg: 62fdf1f143b41e24485cea50d1cbac27 -> 
  custom:video-encoder-webm-vp8: eb34c28f22e8b96e1ab97ce403110664 -> 
  custom:video-decoder-webm-vp8: 9c59270c3fd7afecdb556c50c9e8de78 -> 
  custom:audio-decoder-ogg-vorbis: bf7c407c2cedff20999df2af8eb42d56 -> 
  custom:audio-encoder-webm-vorbis: bf7c407c2cedff20999df2af8eb42d56 -> 
========================================================================
Received Prepare
Registering precompiled user dll's ...
Registered in 0.003846 seconds.
Begin MonoManager ReloadAssembly
Native extension for WindowsStandalone target not found
Refreshing native plugins compatible for Editor in 0.31 ms, found 2 plugins.
Preloading 0 native plugins for Editor in 0.00 ms.
Mono: successfully reloaded assembly
- Completed reload, in  0.905 seconds
Domain Reload Profiling:
	ReloadAssembly (905ms)
		BeginReloadAssembly (114ms)
			ExecutionOrderSort (0ms)
			DisableScriptedObjects (4ms)
			BackupInstance (0ms)
			ReleaseScriptingObjects (0ms)
			CreateAndSetChildDomain (27ms)
		EndReloadAssembly (730ms)
			LoadAssemblies (89ms)
			RebuildTransferFunctionScriptingTraits (0ms)
			SetupTypeCache (240ms)
			ReleaseScriptCaches (1ms)
			RebuildScriptCaches (38ms)
			SetupLoadedEditorAssemblies (278ms)
				LogAssemblyErrors (0ms)
				InitializePlatformSupportModulesInManaged (5ms)
				SetLoadedEditorAssemblies (0ms)
				RefreshPlugins (0ms)
				BeforeProcessingInitializeOnLoad (78ms)
				ProcessInitializeOnLoadAttributes (177ms)
				ProcessInitializeOnLoadMethodAttributes (5ms)
				AfterProcessingInitializeOnLoad (12ms)
				EditorAssembliesLoaded (0ms)
			ExecutionOrderSort2 (0ms)
			AwakeInstancesAfterBackupRestoration (6ms)
Platform modules already initialized, skipping
Refreshing native plugins compatible for Editor in 0.34 ms, found 2 plugins.
Preloading 0 native plugins for Editor in 0.00 ms.
Unloading 1391 Unused Serialized files (Serialized files now loaded: 0)
System memory in use before: 70.4 MB.
System memory in use after: 70.6 MB.

Unloading 11 unused Assets to reduce memory usage. Loaded Objects now: 1856.
Total: 2.546100 ms (FindLiveObjects: 0.152600 ms CreateObjectMapping: 0.050800 ms MarkObjects: 2.326800 ms  DeleteObjects: 0.015100 ms)

AssetImportParameters requested are different than current active one (requested -> active):
  custom:framework-win-MediaFoundation: 216162199b28c13a410421893ffa2e32 -> 
  custom:video-decoder-ogg-theora: a1e56fd34408186e4bbccfd4996cb3dc -> 
  custom:container-muxer-webm: aa71ff27fc2769a1b78a27578f13a17b -> 
  custom:container-demuxer-webm: 4f35f7cbe854078d1ac9338744f61a02 -> 
  custom:container-demuxer-ogg: 62fdf1f143b41e24485cea50d1cbac27 -> 
  custom:video-encoder-webm-vp8: eb34c28f22e8b96e1ab97ce403110664 -> 
  custom:video-decoder-webm-vp8: 9c59270c3fd7afecdb556c50c9e8de78 -> 
  custom:audio-decoder-ogg-vorbis: bf7c407c2cedff20999df2af8eb42d56 -> 
  custom:audio-encoder-webm-vorbis: bf7c407c2cedff20999df2af8eb42d56 -> 
========================================================================
Received Import Request.
  Time since last request: 224.803677 seconds.
  path: Assets
  artifactKey: Guid(00000000000000001000000000000000) Importer(815301076,1909f56bfc062723c751e8b465ee728b)
Start importing Assets using Guid(00000000000000001000000000000000) Importer(815301076,1909f56bfc062723c751e8b465ee728b)  -> (artifact id: '42d402b061de3733987d63b9cc3b64de') in 0.005824 seconds 
  Import took 0.012166 seconds .

========================================================================
Received Import Request.
  Time since last request: 5.995852 seconds.
  path: Assets/Sounds
  artifactKey: Guid(2e0a2d141dcfcf440908664564bac40b) Importer(815301076,1909f56bfc062723c751e8b465ee728b)
Start importing Assets/Sounds using Guid(2e0a2d141dcfcf440908664564bac40b) Importer(815301076,1909f56bfc062723c751e8b465ee728b)  -> (artifact id: 'b67e6cca13c9cb391cd650a00cd2bab7') in 0.003060 seconds 
  Import took 0.005161 seconds .

========================================================================
Received Import Request.
  Time since last request: 2.266054 seconds.
  path: Assets/Scenes
  artifactKey: Guid(1903e54a2970338468df137a99f4155f) Importer(815301076,1909f56bfc062723c751e8b465ee728b)
Start importing Assets/Scenes using Guid(1903e54a2970338468df137a99f4155f) Importer(815301076,1909f56bfc062723c751e8b465ee728b)  -> (artifact id: 'c93b2bbc482a6a026b12aeaa3a6ff04a') in 0.003347 seconds 
  Import took 0.009508 seconds .

========================================================================
Received Import Request.
  Time since last request: 42.181984 seconds.
  path: Assets/Sounds/MP_Another Good Day.mp3
  artifactKey: Guid(7e8cc383663dbcf498e6ffce7c6d4c52) Importer(815301076,1909f56bfc062723c751e8b465ee728b)
Start importing Assets/Sounds/MP_Another Good Day.mp3 using Guid(7e8cc383663dbcf498e6ffce7c6d4c52) Importer(815301076,1909f56bfc062723c751e8b465ee728b)  -> (artifact id: '19f8fdb7803bb37cd151730c2a29e73a') in 0.054551 seconds 
  Import took 0.056795 seconds .

========================================================================
Received Import Request.
  Time since last request: 0.000179 seconds.
  path: Assets/Sounds/MP_Feel Good.mp3
  artifactKey: Guid(391057395acd80c458db3c2a85358033) Importer(815301076,1909f56bfc062723c751e8b465ee728b)
Start importing Assets/Sounds/MP_Feel Good.mp3 using Guid(391057395acd80c458db3c2a85358033) Importer(815301076,1909f56bfc062723c751e8b465ee728b)  -> (artifact id: 'bf6519d8562326ccf9331f7f98acf9fc') in 0.010358 seconds 
  Import took 0.012468 seconds .

========================================================================
Received Import Request.
  Time since last request: 0.000191 seconds.
  path: Assets/Sounds/MP_Mario Jumping.mp3
  artifactKey: Guid(59d146c58eb1e0a429bf867dcf790247) Importer(815301076,1909f56bfc062723c751e8b465ee728b)
Start importing Assets/Sounds/MP_Mario Jumping.mp3 using Guid(59d146c58eb1e0a429bf867dcf790247) Importer(815301076,1909f56bfc062723c751e8b465ee728b)  -> (artifact id: 'caa3527fb7284b4a88ba505412f0c1b1') in 0.009321 seconds 
  Import took 0.011397 seconds .

========================================================================
Received Import Request.
  Time since last request: 0.000184 seconds.
  path: Assets/Sounds/MP_Tiny Button Push.mp3
  artifactKey: Guid(bd8c9a2c1fe7cde4b859ee8508e8442b) Importer(815301076,1909f56bfc062723c751e8b465ee728b)
Start importing Assets/Sounds/MP_Tiny Button Push.mp3 using Guid(bd8c9a2c1fe7cde4b859ee8508e8442b) Importer(815301076,1909f56bfc062723c751e8b465ee728b)  -> (artifact id: '1d356970587b0f9e953ea62dca13d3a3') in 0.008671 seconds 
  Import took 0.010648 seconds .

========================================================================
Received Import Request.
  Time since last request: 0.000181 seconds.
  path: Assets/Sounds/MP_Jab.mp3
  artifactKey: Guid(867bd692de059a94f95f0f18d0797f19) Importer(815301076,1909f56bfc062723c751e8b465ee728b)
Start importing Assets/Sounds/MP_Jab.mp3 using Guid(867bd692de059a94f95f0f18d0797f19) Importer(815301076,1909f56bfc062723c751e8b465ee728b)  -> (artifact id: '112811cbc4d8157038397f789c561613') in 0.009204 seconds 
  Import took 0.011166 seconds .

========================================================================
Received Import Request.
  Time since last request: 0.000183 seconds.
  path: Assets/Sounds/MP_Fresh.mp3
  artifactKey: Guid(06b1cf277ae1b8c46a6fce0b1bb8d576) Importer(815301076,1909f56bfc062723c751e8b465ee728b)
Start importing Assets/Sounds/MP_Fresh.mp3 using Guid(06b1cf277ae1b8c46a6fce0b1bb8d576) Importer(815301076,1909f56bfc062723c751e8b465ee728b)  -> (artifact id: '3861ab4a1c8c519748c006c68eecd701') in 0.009151 seconds 
  Import took 0.011442 seconds .

========================================================================
Received Import Request.
  Time since last request: 0.000186 seconds.
  path: Assets/Sounds/MP_Blop.mp3
  artifactKey: Guid(2ec557ab3e6cd784e927a11625358c11) Importer(815301076,1909f56bfc062723c751e8b465ee728b)
Start importing Assets/Sounds/MP_Blop.mp3 using Guid(2ec557ab3e6cd784e927a11625358c11) Importer(815301076,1909f56bfc062723c751e8b465ee728b)  -> (artifact id: '80266df2bca4fae9cbd35e132aa6e364') in 0.015475 seconds 
  Import took 0.018201 seconds .

========================================================================
Received Import Request.
  Time since last request: 0.000193 seconds.
  path: Assets/Sounds/MP_Simple Joy.mp3
  artifactKey: Guid(6ef6a19ab83e204429af646d12ce9d53) Importer(815301076,1909f56bfc062723c751e8b465ee728b)
Start importing Assets/Sounds/MP_Simple Joy.mp3 using Guid(6ef6a19ab83e204429af646d12ce9d53) Importer(815301076,1909f56bfc062723c751e8b465ee728b)  -> (artifact id: '4d3c04bc9d6810d71185f46d32e88765') in 0.010336 seconds 
  Import took 0.012429 seconds .

========================================================================
Received Import Request.
  Time since last request: 0.000203 seconds.
  path: Assets/Sounds/MP_The Success.mp3
  artifactKey: Guid(0286444e670ba214697259ed97bd7234) Importer(815301076,1909f56bfc062723c751e8b465ee728b)
Start importing Assets/Sounds/MP_The Success.mp3 using Guid(0286444e670ba214697259ed97bd7234) Importer(815301076,1909f56bfc062723c751e8b465ee728b)  -> (artifact id: 'e6a88a131603a906a8feb398d10ef63b') in 0.008803 seconds 
  Import took 0.010793 seconds .

========================================================================
Received Import Request.
  Time since last request: 0.000180 seconds.
  path: Assets/Sounds/MP_Swing.mp3
  artifactKey: Guid(38170d6957848cc44b33e29dc3dddec2) Importer(815301076,1909f56bfc062723c751e8b465ee728b)
Start importing Assets/Sounds/MP_Swing.mp3 using Guid(38170d6957848cc44b33e29dc3dddec2) Importer(815301076,1909f56bfc062723c751e8b465ee728b)  -> (artifact id: 'b9828ffc947a0bc018659c76be47b53e') in 0.008699 seconds 
  Import took 0.010673 seconds .

========================================================================
Received Prepare
Registering precompiled user dll's ...
Registered in 0.004420 seconds.
Begin MonoManager ReloadAssembly
Native extension for WindowsStandalone target not found
Refreshing native plugins compatible for Editor in 0.31 ms, found 2 plugins.
Preloading 0 native plugins for Editor in 0.00 ms.
Mono: successfully reloaded assembly
- Completed reload, in  0.962 seconds
Domain Reload Profiling:
	ReloadAssembly (962ms)
		BeginReloadAssembly (118ms)
			ExecutionOrderSort (0ms)
			DisableScriptedObjects (4ms)
			BackupInstance (0ms)
			ReleaseScriptingObjects (0ms)
			CreateAndSetChildDomain (31ms)
		EndReloadAssembly (779ms)
			LoadAssemblies (98ms)
			RebuildTransferFunctionScriptingTraits (0ms)
			SetupTypeCache (271ms)
			ReleaseScriptCaches (1ms)
			RebuildScriptCaches (36ms)
			SetupLoadedEditorAssemblies (289ms)
				LogAssemblyErrors (0ms)
				InitializePlatformSupportModulesInManaged (5ms)
				SetLoadedEditorAssemblies (0ms)
				RefreshPlugins (0ms)
				BeforeProcessingInitializeOnLoad (84ms)
				ProcessInitializeOnLoadAttributes (186ms)
				ProcessInitializeOnLoadMethodAttributes (4ms)
				AfterProcessingInitializeOnLoad (9ms)
				EditorAssembliesLoaded (0ms)
			ExecutionOrderSort2 (0ms)
			AwakeInstancesAfterBackupRestoration (6ms)
Platform modules already initialized, skipping
Refreshing native plugins compatible for Editor in 0.31 ms, found 2 plugins.
Preloading 0 native plugins for Editor in 0.00 ms.
Unloading 1391 Unused Serialized files (Serialized files now loaded: 0)
System memory in use before: 70.5 MB.
System memory in use after: 70.7 MB.

Unloading 11 unused Assets to reduce memory usage. Loaded Objects now: 1864.
Total: 2.456700 ms (FindLiveObjects: 0.148200 ms CreateObjectMapping: 0.043000 ms MarkObjects: 2.249700 ms  DeleteObjects: 0.014800 ms)

AssetImportParameters requested are different than current active one (requested -> active):
  custom:framework-win-MediaFoundation: 216162199b28c13a410421893ffa2e32 -> 
  custom:video-decoder-ogg-theora: a1e56fd34408186e4bbccfd4996cb3dc -> 
  custom:container-muxer-webm: aa71ff27fc2769a1b78a27578f13a17b -> 
  custom:container-demuxer-webm: 4f35f7cbe854078d1ac9338744f61a02 -> 
  custom:container-demuxer-ogg: 62fdf1f143b41e24485cea50d1cbac27 -> 
  custom:video-encoder-webm-vp8: eb34c28f22e8b96e1ab97ce403110664 -> 
  custom:video-decoder-webm-vp8: 9c59270c3fd7afecdb556c50c9e8de78 -> 
  custom:audio-decoder-ogg-vorbis: bf7c407c2cedff20999df2af8eb42d56 -> 
  custom:audio-encoder-webm-vorbis: bf7c407c2cedff20999df2af8eb42d56 -> 
========================================================================
Received Prepare
Registering precompiled user dll's ...
Registered in 0.003810 seconds.
Begin MonoManager ReloadAssembly
Native extension for WindowsStandalone target not found
Refreshing native plugins compatible for Editor in 0.29 ms, found 2 plugins.
Preloading 0 native plugins for Editor in 0.00 ms.
Mono: successfully reloaded assembly
- Completed reload, in  0.860 seconds
Domain Reload Profiling:
	ReloadAssembly (860ms)
		BeginReloadAssembly (108ms)
			ExecutionOrderSort (0ms)
			DisableScriptedObjects (4ms)
			BackupInstance (0ms)
			ReleaseScriptingObjects (0ms)
			CreateAndSetChildDomain (26ms)
		EndReloadAssembly (693ms)
			LoadAssemblies (89ms)
			RebuildTransferFunctionScriptingTraits (0ms)
			SetupTypeCache (231ms)
			ReleaseScriptCaches (1ms)
			RebuildScriptCaches (34ms)
			SetupLoadedEditorAssemblies (262ms)
				LogAssemblyErrors (0ms)
				InitializePlatformSupportModulesInManaged (5ms)
				SetLoadedEditorAssemblies (0ms)
				RefreshPlugins (0ms)
				BeforeProcessingInitializeOnLoad (68ms)
				ProcessInitializeOnLoadAttributes (175ms)
				ProcessInitializeOnLoadMethodAttributes (4ms)
				AfterProcessingInitializeOnLoad (9ms)
				EditorAssembliesLoaded (0ms)
			ExecutionOrderSort2 (0ms)
			AwakeInstancesAfterBackupRestoration (7ms)
Platform modules already initialized, skipping
Refreshing native plugins compatible for Editor in 0.37 ms, found 2 plugins.
Preloading 0 native plugins for Editor in 0.00 ms.
Unloading 1391 Unused Serialized files (Serialized files now loaded: 0)
System memory in use before: 70.6 MB.
System memory in use after: 70.7 MB.

Unloading 11 unused Assets to reduce memory usage. Loaded Objects now: 1866.
Total: 2.361100 ms (FindLiveObjects: 0.149700 ms CreateObjectMapping: 0.045500 ms MarkObjects: 2.152100 ms  DeleteObjects: 0.012800 ms)

AssetImportParameters requested are different than current active one (requested -> active):
  custom:framework-win-MediaFoundation: 216162199b28c13a410421893ffa2e32 -> 
  custom:video-decoder-ogg-theora: a1e56fd34408186e4bbccfd4996cb3dc -> 
  custom:container-muxer-webm: aa71ff27fc2769a1b78a27578f13a17b -> 
  custom:container-demuxer-webm: 4f35f7cbe854078d1ac9338744f61a02 -> 
  custom:container-demuxer-ogg: 62fdf1f143b41e24485cea50d1cbac27 -> 
  custom:video-encoder-webm-vp8: eb34c28f22e8b96e1ab97ce403110664 -> 
  custom:video-decoder-webm-vp8: 9c59270c3fd7afecdb556c50c9e8de78 -> 
  custom:audio-decoder-ogg-vorbis: bf7c407c2cedff20999df2af8eb42d56 -> 
  custom:audio-encoder-webm-vorbis: bf7c407c2cedff20999df2af8eb42d56 -> 
========================================================================
Received Import Request.
  Time since last request: 150.049381 seconds.
  path: Assets/Scenes/TitleScene.unity
  artifactKey: Guid(9a7bb8850b3e73049b56d3ca9b7d4a48) Importer(815301076,1909f56bfc062723c751e8b465ee728b)
Start importing Assets/Scenes/TitleScene.unity using Guid(9a7bb8850b3e73049b56d3ca9b7d4a48) Importer(815301076,1909f56bfc062723c751e8b465ee728b)  -> (artifact id: '098ae14e12b37baa3c16d86492bfcc21') in 0.011279 seconds 
  Import took 0.013545 seconds .

========================================================================
Received Prepare
Registering precompiled user dll's ...
Registered in 0.003905 seconds.
Begin MonoManager ReloadAssembly
Native extension for WindowsStandalone target not found
Refreshing native plugins compatible for Editor in 0.30 ms, found 2 plugins.
Preloading 0 native plugins for Editor in 0.00 ms.
Mono: successfully reloaded assembly
- Completed reload, in  0.950 seconds
Domain Reload Profiling:
	ReloadAssembly (950ms)
		BeginReloadAssembly (122ms)
			ExecutionOrderSort (0ms)
			DisableScriptedObjects (4ms)
			BackupInstance (0ms)
			ReleaseScriptingObjects (0ms)
			CreateAndSetChildDomain (30ms)
		EndReloadAssembly (764ms)
			LoadAssemblies (99ms)
			RebuildTransferFunctionScriptingTraits (0ms)
			SetupTypeCache (254ms)
			ReleaseScriptCaches (1ms)
			RebuildScriptCaches (35ms)
			SetupLoadedEditorAssemblies (294ms)
				LogAssemblyErrors (0ms)
				InitializePlatformSupportModulesInManaged (5ms)
				SetLoadedEditorAssemblies (0ms)
				RefreshPlugins (0ms)
				BeforeProcessingInitializeOnLoad (86ms)
				ProcessInitializeOnLoadAttributes (188ms)
				ProcessInitializeOnLoadMethodAttributes (4ms)
				AfterProcessingInitializeOnLoad (10ms)
				EditorAssembliesLoaded (0ms)
			ExecutionOrderSort2 (0ms)
			AwakeInstancesAfterBackupRestoration (6ms)
Platform modules already initialized, skipping
Refreshing native plugins compatible for Editor in 0.35 ms, found 2 plugins.
Preloading 0 native plugins for Editor in 0.00 ms.
Unloading 1391 Unused Serialized files (Serialized files now loaded: 0)
System memory in use before: 70.6 MB.
System memory in use after: 70.7 MB.

Unloading 11 unused Assets to reduce memory usage. Loaded Objects now: 1868.
Total: 2.476500 ms (FindLiveObjects: 0.161900 ms CreateObjectMapping: 0.051700 ms MarkObjects: 2.247300 ms  DeleteObjects: 0.014700 ms)

AssetImportParameters requested are different than current active one (requested -> active):
  custom:framework-win-MediaFoundation: 216162199b28c13a410421893ffa2e32 -> 
  custom:video-decoder-ogg-theora: a1e56fd34408186e4bbccfd4996cb3dc -> 
  custom:container-muxer-webm: aa71ff27fc2769a1b78a27578f13a17b -> 
  custom:container-demuxer-webm: 4f35f7cbe854078d1ac9338744f61a02 -> 
  custom:container-demuxer-ogg: 62fdf1f143b41e24485cea50d1cbac27 -> 
  custom:video-encoder-webm-vp8: eb34c28f22e8b96e1ab97ce403110664 -> 
  custom:video-decoder-webm-vp8: 9c59270c3fd7afecdb556c50c9e8de78 -> 
  custom:audio-decoder-ogg-vorbis: bf7c407c2cedff20999df2af8eb42d56 -> 
  custom:audio-encoder-webm-vorbis: bf7c407c2cedff20999df2af8eb42d56 -> 
========================================================================
Received Prepare
Registering precompiled user dll's ...
Registered in 0.003945 seconds.
Begin MonoManager ReloadAssembly
Native extension for WindowsStandalone target not found
Refreshing native plugins compatible for Editor in 0.31 ms, found 2 plugins.
Preloading 0 native plugins for Editor in 0.00 ms.
Mono: successfully reloaded assembly
- Completed reload, in  0.944 seconds
Domain Reload Profiling:
	ReloadAssembly (944ms)
		BeginReloadAssembly (121ms)
			ExecutionOrderSort (0ms)
			DisableScriptedObjects (4ms)
			BackupInstance (0ms)
			ReleaseScriptingObjects (0ms)
			CreateAndSetChildDomain (29ms)
		EndReloadAssembly (760ms)
			LoadAssemblies (96ms)
			RebuildTransferFunctionScriptingTraits (0ms)
			SetupTypeCache (251ms)
			ReleaseScriptCaches (1ms)
			RebuildScriptCaches (35ms)
			SetupLoadedEditorAssemblies (292ms)
				LogAssemblyErrors (0ms)
				InitializePlatformSupportModulesInManaged (5ms)
				SetLoadedEditorAssemblies (0ms)
				RefreshPlugins (0ms)
				BeforeProcessingInitializeOnLoad (84ms)
				ProcessInitializeOnLoadAttributes (189ms)
				ProcessInitializeOnLoadMethodAttributes (4ms)
				AfterProcessingInitializeOnLoad (9ms)
				EditorAssembliesLoaded (0ms)
			ExecutionOrderSort2 (0ms)
			AwakeInstancesAfterBackupRestoration (6ms)
Platform modules already initialized, skipping
Refreshing native plugins compatible for Editor in 0.30 ms, found 2 plugins.
Preloading 0 native plugins for Editor in 0.00 ms.
Unloading 1391 Unused Serialized files (Serialized files now loaded: 0)
System memory in use before: 70.6 MB.
System memory in use after: 70.7 MB.

Unloading 11 unused Assets to reduce memory usage. Loaded Objects now: 1870.
Total: 2.499700 ms (FindLiveObjects: 0.147500 ms CreateObjectMapping: 0.044900 ms MarkObjects: 2.291800 ms  DeleteObjects: 0.014300 ms)

AssetImportParameters requested are different than current active one (requested -> active):
  custom:framework-win-MediaFoundation: 216162199b28c13a410421893ffa2e32 -> 
  custom:video-decoder-ogg-theora: a1e56fd34408186e4bbccfd4996cb3dc -> 
  custom:container-muxer-webm: aa71ff27fc2769a1b78a27578f13a17b -> 
  custom:container-demuxer-webm: 4f35f7cbe854078d1ac9338744f61a02 -> 
  custom:container-demuxer-ogg: 62fdf1f143b41e24485cea50d1cbac27 -> 
  custom:video-encoder-webm-vp8: eb34c28f22e8b96e1ab97ce403110664 -> 
  custom:video-decoder-webm-vp8: 9c59270c3fd7afecdb556c50c9e8de78 -> 
  custom:audio-decoder-ogg-vorbis: bf7c407c2cedff20999df2af8eb42d56 -> 
  custom:audio-encoder-webm-vorbis: bf7c407c2cedff20999df2af8eb42d56 -> 
========================================================================
Received Import Request.
  Time since last request: 288.937206 seconds.
  path: Assets/Scenes/GameOverScene.unity
  artifactKey: Guid(f49f7a7d21b0be6459cdbcc1c286a1b8) Importer(815301076,1909f56bfc062723c751e8b465ee728b)
Start importing Assets/Scenes/GameOverScene.unity using Guid(f49f7a7d21b0be6459cdbcc1c286a1b8) Importer(815301076,1909f56bfc062723c751e8b465ee728b)  -> (artifact id: 'bbf0f1b932eca01a65f672218423dc56') in 0.010397 seconds 
  Import took 0.012515 seconds .

========================================================================
Received Import Request.
  Time since last request: 0.002282 seconds.
  path: Assets/Scenes/GameOverScene.unity
  artifactKey: Guid(f49f7a7d21b0be6459cdbcc1c286a1b8) Importer(815301076,1909f56bfc062723c751e8b465ee728b)
Start importing Assets/Scenes/GameOverScene.unity using Guid(f49f7a7d21b0be6459cdbcc1c286a1b8) Importer(815301076,1909f56bfc062723c751e8b465ee728b)  -> (artifact id: 'bbf0f1b932eca01a65f672218423dc56') in 0.003015 seconds 
  Import took 0.005088 seconds .

========================================================================
Received Import Request.
  Time since last request: 4.286155 seconds.
  path: Assets/Scenes/HowToPlayScene.unity
  artifactKey: Guid(1b738f2e77d0743439d844c2532f0b90) Importer(815301076,1909f56bfc062723c751e8b465ee728b)
Start importing Assets/Scenes/HowToPlayScene.unity using Guid(1b738f2e77d0743439d844c2532f0b90) Importer(815301076,1909f56bfc062723c751e8b465ee728b)  -> (artifact id: 'a22563a54dce1b71c88399a4ba0e4f22') in 0.003259 seconds 
  Import took 0.005450 seconds .

========================================================================
Received Prepare
Registering precompiled user dll's ...
Registered in 0.003556 seconds.
Begin MonoManager ReloadAssembly
Native extension for WindowsStandalone target not found
Refreshing native plugins compatible for Editor in 0.29 ms, found 2 plugins.
Preloading 0 native plugins for Editor in 0.00 ms.
Mono: successfully reloaded assembly
- Completed reload, in  0.856 seconds
Domain Reload Profiling:
	ReloadAssembly (857ms)
		BeginReloadAssembly (104ms)
			ExecutionOrderSort (0ms)
			DisableScriptedObjects (4ms)
			BackupInstance (0ms)
			ReleaseScriptingObjects (0ms)
			CreateAndSetChildDomain (26ms)
		EndReloadAssembly (695ms)
			LoadAssemblies (86ms)
			RebuildTransferFunctionScriptingTraits (0ms)
			SetupTypeCache (228ms)
			ReleaseScriptCaches (1ms)
			RebuildScriptCaches (32ms)
			SetupLoadedEditorAssemblies (268ms)
				LogAssemblyErrors (0ms)
				InitializePlatformSupportModulesInManaged (5ms)
				SetLoadedEditorAssemblies (0ms)
				RefreshPlugins (0ms)
				BeforeProcessingInitializeOnLoad (73ms)
				ProcessInitializeOnLoadAttributes (178ms)
				ProcessInitializeOnLoadMethodAttributes (4ms)
				AfterProcessingInitializeOnLoad (9ms)
				EditorAssembliesLoaded (0ms)
			ExecutionOrderSort2 (0ms)
			AwakeInstancesAfterBackupRestoration (6ms)
Platform modules already initialized, skipping
Refreshing native plugins compatible for Editor in 0.29 ms, found 2 plugins.
Preloading 0 native plugins for Editor in 0.00 ms.
Unloading 1391 Unused Serialized files (Serialized files now loaded: 0)
System memory in use before: 70.6 MB.
System memory in use after: 70.7 MB.

Unloading 11 unused Assets to reduce memory usage. Loaded Objects now: 1872.
Total: 2.503300 ms (FindLiveObjects: 0.141100 ms CreateObjectMapping: 0.042700 ms MarkObjects: 2.304400 ms  DeleteObjects: 0.014200 ms)

AssetImportParameters requested are different than current active one (requested -> active):
  custom:framework-win-MediaFoundation: 216162199b28c13a410421893ffa2e32 -> 
  custom:video-decoder-ogg-theora: a1e56fd34408186e4bbccfd4996cb3dc -> 
  custom:container-muxer-webm: aa71ff27fc2769a1b78a27578f13a17b -> 
  custom:container-demuxer-webm: 4f35f7cbe854078d1ac9338744f61a02 -> 
  custom:container-demuxer-ogg: 62fdf1f143b41e24485cea50d1cbac27 -> 
  custom:video-encoder-webm-vp8: eb34c28f22e8b96e1ab97ce403110664 -> 
  custom:video-decoder-webm-vp8: 9c59270c3fd7afecdb556c50c9e8de78 -> 
  custom:audio-decoder-ogg-vorbis: bf7c407c2cedff20999df2af8eb42d56 -> 
  custom:audio-encoder-webm-vorbis: bf7c407c2cedff20999df2af8eb42d56 -> 
========================================================================
Received Import Request.
  Time since last request: 197.575205 seconds.
  path: Assets/Sprites/Background/게임오버.png
  artifactKey: Guid(e09241f7675b3744d89afae7f06da84e) Importer(815301076,1909f56bfc062723c751e8b465ee728b)
Start importing Assets/Sprites/Background/게임오버.png using Guid(e09241f7675b3744d89afae7f06da84e) Importer(815301076,1909f56bfc062723c751e8b465ee728b)  -> (artifact id: '8ed6c1891d7f84ce80ca306cb6d8d410') in 0.030879 seconds 
  Import took 0.033368 seconds .

========================================================================
Received Import Request.
  Time since last request: 0.000201 seconds.
  path: Assets/Sprites/Background/시작화면 1.png
  artifactKey: Guid(e185bc9918ac8aa46bb77a2383127a8b) Importer(815301076,1909f56bfc062723c751e8b465ee728b)
Start importing Assets/Sprites/Background/시작화면 1.png using Guid(e185bc9918ac8aa46bb77a2383127a8b) Importer(815301076,1909f56bfc062723c751e8b465ee728b)  -> (artifact id: '258bc179c93ab655cd280d9337087226') in 0.010251 seconds 
  Import took 0.012306 seconds .

========================================================================
Received Import Request.
  Time since last request: 0.000263 seconds.
  path: Assets/Sprites/Background/사물.png
  artifactKey: Guid(429fb3c4183428c40acb6d265167eeac) Importer(815301076,1909f56bfc062723c751e8b465ee728b)
Start importing Assets/Sprites/Background/사물.png using Guid(429fb3c4183428c40acb6d265167eeac) Importer(815301076,1909f56bfc062723c751e8b465ee728b)  -> (artifact id: '86cce0862f8bb5871ec77ea88004839c') in 0.014573 seconds 
  Import took 0.016551 seconds .

========================================================================
Received Import Request.
  Time since last request: 0.000295 seconds.
  path: Assets/Sprites/Background/마스크.png
  artifactKey: Guid(17b6be6ab60919446bb8889db579ff13) Importer(815301076,1909f56bfc062723c751e8b465ee728b)
Start importing Assets/Sprites/Background/마스크.png using Guid(17b6be6ab60919446bb8889db579ff13) Importer(815301076,1909f56bfc062723c751e8b465ee728b)  -> (artifact id: '4602aae4fc2aed0e7559f33f37078c28') in 0.014447 seconds 
  Import took 0.017078 seconds .

========================================================================
Received Import Request.
  Time since last request: 0.000788 seconds.
  path: Assets/Sprites/Background/사람.png
  artifactKey: Guid(eb14bee9ba3e6c0499f3b89de69a10f2) Importer(815301076,1909f56bfc062723c751e8b465ee728b)
Start importing Assets/Sprites/Background/사람.png using Guid(eb14bee9ba3e6c0499f3b89de69a10f2) Importer(815301076,1909f56bfc062723c751e8b465ee728b)  -> (artifact id: '01cf581419c302766134ce736bd43e08') in 0.013043 seconds 
  Import took 0.014997 seconds .

========================================================================
Received Import Request.
  Time since last request: 14.671495 seconds.
  path: Assets/Sprites/Background/게임오버.png
  artifactKey: Guid(e09241f7675b3744d89afae7f06da84e) Importer(815301076,1909f56bfc062723c751e8b465ee728b)
Start importing Assets/Sprites/Background/게임오버.png using Guid(e09241f7675b3744d89afae7f06da84e) Importer(815301076,1909f56bfc062723c751e8b465ee728b)  -> (artifact id: 'aa042c5635cb6834c62b17d75f41fdf6') in 0.027753 seconds 
  Import took 0.029950 seconds .

========================================================================
Received Prepare
Registering precompiled user dll's ...
Registered in 0.003683 seconds.
Begin MonoManager ReloadAssembly
Native extension for WindowsStandalone target not found
Refreshing native plugins compatible for Editor in 0.29 ms, found 2 plugins.
Preloading 0 native plugins for Editor in 0.00 ms.
Mono: successfully reloaded assembly
- Completed reload, in  0.829 seconds
Domain Reload Profiling:
	ReloadAssembly (829ms)
		BeginReloadAssembly (103ms)
			ExecutionOrderSort (0ms)
			DisableScriptedObjects (4ms)
			BackupInstance (0ms)
			ReleaseScriptingObjects (0ms)
			CreateAndSetChildDomain (27ms)
		EndReloadAssembly (668ms)
			LoadAssemblies (88ms)
			RebuildTransferFunctionScriptingTraits (0ms)
			SetupTypeCache (226ms)
			ReleaseScriptCaches (1ms)
			RebuildScriptCaches (32ms)
			SetupLoadedEditorAssemblies (249ms)
				LogAssemblyErrors (0ms)
				InitializePlatformSupportModulesInManaged (4ms)
				SetLoadedEditorAssemblies (0ms)
				RefreshPlugins (0ms)
				BeforeProcessingInitializeOnLoad (64ms)
				ProcessInitializeOnLoadAttributes (167ms)
				ProcessInitializeOnLoadMethodAttributes (4ms)
				AfterProcessingInitializeOnLoad (9ms)
				EditorAssembliesLoaded (0ms)
			ExecutionOrderSort2 (0ms)
			AwakeInstancesAfterBackupRestoration (6ms)
Platform modules already initialized, skipping
Refreshing native plugins compatible for Editor in 0.28 ms, found 2 plugins.
Preloading 0 native plugins for Editor in 0.00 ms.
Unloading 1391 Unused Serialized files (Serialized files now loaded: 0)
System memory in use before: 70.7 MB.
System memory in use after: 70.8 MB.

Unloading 11 unused Assets to reduce memory usage. Loaded Objects now: 1875.
Total: 2.386000 ms (FindLiveObjects: 0.135900 ms CreateObjectMapping: 0.043800 ms MarkObjects: 2.191500 ms  DeleteObjects: 0.014100 ms)

AssetImportParameters requested are different than current active one (requested -> active):
  custom:framework-win-MediaFoundation: 216162199b28c13a410421893ffa2e32 -> 
  custom:video-decoder-ogg-theora: a1e56fd34408186e4bbccfd4996cb3dc -> 
  custom:container-muxer-webm: aa71ff27fc2769a1b78a27578f13a17b -> 
  custom:container-demuxer-webm: 4f35f7cbe854078d1ac9338744f61a02 -> 
  custom:container-demuxer-ogg: 62fdf1f143b41e24485cea50d1cbac27 -> 
  custom:video-encoder-webm-vp8: eb34c28f22e8b96e1ab97ce403110664 -> 
  custom:video-decoder-webm-vp8: 9c59270c3fd7afecdb556c50c9e8de78 -> 
  custom:audio-decoder-ogg-vorbis: bf7c407c2cedff20999df2af8eb42d56 -> 
  custom:audio-encoder-webm-vorbis: bf7c407c2cedff20999df2af8eb42d56 -> 
========================================================================
Received Import Request.
  Time since last request: 162.174296 seconds.
  path: Assets/Scenes/GameOverScene.unity
  artifactKey: Guid(f49f7a7d21b0be6459cdbcc1c286a1b8) Importer(815301076,1909f56bfc062723c751e8b465ee728b)
Start importing Assets/Scenes/GameOverScene.unity using Guid(f49f7a7d21b0be6459cdbcc1c286a1b8) Importer(815301076,1909f56bfc062723c751e8b465ee728b)  -> (artifact id: '02ceb385d1f870f1e942f4c881dd7e41') in 0.010847 seconds 
  Import took 0.016833 seconds .

========================================================================
Received Prepare
Registering precompiled user dll's ...
Registered in 0.003840 seconds.
Begin MonoManager ReloadAssembly
Native extension for WindowsStandalone target not found
Refreshing native plugins compatible for Editor in 0.34 ms, found 2 plugins.
Preloading 0 native plugins for Editor in 0.00 ms.
Mono: successfully reloaded assembly
- Completed reload, in  0.940 seconds
Domain Reload Profiling:
	ReloadAssembly (940ms)
		BeginReloadAssembly (120ms)
			ExecutionOrderSort (0ms)
			DisableScriptedObjects (4ms)
			BackupInstance (0ms)
			ReleaseScriptingObjects (0ms)
			CreateAndSetChildDomain (26ms)
		EndReloadAssembly (758ms)
			LoadAssemblies (95ms)
			RebuildTransferFunctionScriptingTraits (0ms)
			SetupTypeCache (256ms)
			ReleaseScriptCaches (1ms)
			RebuildScriptCaches (36ms)
			SetupLoadedEditorAssemblies (289ms)
				LogAssemblyErrors (0ms)
				InitializePlatformSupportModulesInManaged (5ms)
				SetLoadedEditorAssemblies (0ms)
				RefreshPlugins (0ms)
				BeforeProcessingInitializeOnLoad (82ms)
				ProcessInitializeOnLoadAttributes (187ms)
				ProcessInitializeOnLoadMethodAttributes (4ms)
				AfterProcessingInitializeOnLoad (10ms)
				EditorAssembliesLoaded (0ms)
			ExecutionOrderSort2 (0ms)
			AwakeInstancesAfterBackupRestoration (6ms)
Platform modules already initialized, skipping
Refreshing native plugins compatible for Editor in 0.31 ms, found 2 plugins.
Preloading 0 native plugins for Editor in 0.00 ms.
Unloading 1391 Unused Serialized files (Serialized files now loaded: 0)
System memory in use before: 70.7 MB.
System memory in use after: 70.8 MB.

Unloading 11 unused Assets to reduce memory usage. Loaded Objects now: 1877.
Total: 2.502000 ms (FindLiveObjects: 0.151600 ms CreateObjectMapping: 0.046800 ms MarkObjects: 2.286600 ms  DeleteObjects: 0.015000 ms)

AssetImportParameters requested are different than current active one (requested -> active):
  custom:framework-win-MediaFoundation: 216162199b28c13a410421893ffa2e32 -> 
  custom:video-decoder-ogg-theora: a1e56fd34408186e4bbccfd4996cb3dc -> 
  custom:container-muxer-webm: aa71ff27fc2769a1b78a27578f13a17b -> 
  custom:container-demuxer-webm: 4f35f7cbe854078d1ac9338744f61a02 -> 
  custom:container-demuxer-ogg: 62fdf1f143b41e24485cea50d1cbac27 -> 
  custom:video-encoder-webm-vp8: eb34c28f22e8b96e1ab97ce403110664 -> 
  custom:video-decoder-webm-vp8: 9c59270c3fd7afecdb556c50c9e8de78 -> 
  custom:audio-decoder-ogg-vorbis: bf7c407c2cedff20999df2af8eb42d56 -> 
  custom:audio-encoder-webm-vorbis: bf7c407c2cedff20999df2af8eb42d56 -> 
========================================================================
Received Import Request.
  Time since last request: 203.840638 seconds.
  path: Assets/Scenes/TitleScene.unity
  artifactKey: Guid(9a7bb8850b3e73049b56d3ca9b7d4a48) Importer(815301076,1909f56bfc062723c751e8b465ee728b)
Start importing Assets/Scenes/TitleScene.unity using Guid(9a7bb8850b3e73049b56d3ca9b7d4a48) Importer(815301076,1909f56bfc062723c751e8b465ee728b)  -> (artifact id: 'b583567e5525995ca7e7dba4df861082') in 0.011714 seconds 
  Import took 0.017987 seconds .

========================================================================
Received Prepare
Registering precompiled user dll's ...
Registered in 0.003922 seconds.
Begin MonoManager ReloadAssembly
Native extension for WindowsStandalone target not found
Refreshing native plugins compatible for Editor in 0.33 ms, found 2 plugins.
Preloading 0 native plugins for Editor in 0.00 ms.
Mono: successfully reloaded assembly
- Completed reload, in  0.929 seconds
Domain Reload Profiling:
	ReloadAssembly (929ms)
		BeginReloadAssembly (114ms)
			ExecutionOrderSort (0ms)
			DisableScriptedObjects (4ms)
			BackupInstance (0ms)
			ReleaseScriptingObjects (0ms)
			CreateAndSetChildDomain (28ms)
		EndReloadAssembly (753ms)
			LoadAssemblies (96ms)
			RebuildTransferFunctionScriptingTraits (0ms)
			SetupTypeCache (250ms)
			ReleaseScriptCaches (1ms)
			RebuildScriptCaches (35ms)
			SetupLoadedEditorAssemblies (292ms)
				LogAssemblyErrors (0ms)
				InitializePlatformSupportModulesInManaged (5ms)
				SetLoadedEditorAssemblies (0ms)
				RefreshPlugins (0ms)
				BeforeProcessingInitializeOnLoad (84ms)
				ProcessInitializeOnLoadAttributes (190ms)
				ProcessInitializeOnLoadMethodAttributes (4ms)
				AfterProcessingInitializeOnLoad (9ms)
				EditorAssembliesLoaded (0ms)
			ExecutionOrderSort2 (0ms)
			AwakeInstancesAfterBackupRestoration (6ms)
Platform modules already initialized, skipping
Refreshing native plugins compatible for Editor in 0.33 ms, found 2 plugins.
Preloading 0 native plugins for Editor in 0.00 ms.
Unloading 1391 Unused Serialized files (Serialized files now loaded: 0)
System memory in use before: 70.7 MB.
System memory in use after: 70.8 MB.

Unloading 11 unused Assets to reduce memory usage. Loaded Objects now: 1879.
Total: 2.523300 ms (FindLiveObjects: 0.163300 ms CreateObjectMapping: 0.051600 ms MarkObjects: 2.292800 ms  DeleteObjects: 0.014500 ms)

AssetImportParameters requested are different than current active one (requested -> active):
  custom:framework-win-MediaFoundation: 216162199b28c13a410421893ffa2e32 -> 
  custom:video-decoder-ogg-theora: a1e56fd34408186e4bbccfd4996cb3dc -> 
  custom:container-muxer-webm: aa71ff27fc2769a1b78a27578f13a17b -> 
  custom:container-demuxer-webm: 4f35f7cbe854078d1ac9338744f61a02 -> 
  custom:container-demuxer-ogg: 62fdf1f143b41e24485cea50d1cbac27 -> 
  custom:video-encoder-webm-vp8: eb34c28f22e8b96e1ab97ce403110664 -> 
  custom:video-decoder-webm-vp8: 9c59270c3fd7afecdb556c50c9e8de78 -> 
  custom:audio-decoder-ogg-vorbis: bf7c407c2cedff20999df2af8eb42d56 -> 
  custom:audio-encoder-webm-vorbis: bf7c407c2cedff20999df2af8eb42d56 -> 
========================================================================
Received Import Request.
  Time since last request: 280.012159 seconds.
  path: Assets/Scenes/GameOverScene.unity
  artifactKey: Guid(f49f7a7d21b0be6459cdbcc1c286a1b8) Importer(815301076,1909f56bfc062723c751e8b465ee728b)
Start importing Assets/Scenes/GameOverScene.unity using Guid(f49f7a7d21b0be6459cdbcc1c286a1b8) Importer(815301076,1909f56bfc062723c751e8b465ee728b)  -> (artifact id: '25b542979e315b6b2ffc0d251f8655d5') in 0.010994 seconds 
  Import took 0.013587 seconds .

========================================================================
Received Import Request.
  Time since last request: 0.028410 seconds.
  path: Assets/Scenes/HowToPlayScene.unity
  artifactKey: Guid(1b738f2e77d0743439d844c2532f0b90) Importer(815301076,1909f56bfc062723c751e8b465ee728b)
Start importing Assets/Scenes/HowToPlayScene.unity using Guid(1b738f2e77d0743439d844c2532f0b90) Importer(815301076,1909f56bfc062723c751e8b465ee728b)  -> (artifact id: 'be4f8fdded0601279bee242bbe8cb6fa') in 0.002825 seconds 
  Import took 0.004891 seconds .

========================================================================
Received Prepare
Registering precompiled user dll's ...
Registered in 0.003916 seconds.
Begin MonoManager ReloadAssembly
Native extension for WindowsStandalone target not found
Refreshing native plugins compatible for Editor in 0.36 ms, found 2 plugins.
Preloading 0 native plugins for Editor in 0.00 ms.
Mono: successfully reloaded assembly
- Completed reload, in  0.850 seconds
Domain Reload Profiling:
	ReloadAssembly (850ms)
		BeginReloadAssembly (115ms)
			ExecutionOrderSort (0ms)
			DisableScriptedObjects (4ms)
			BackupInstance (0ms)
			ReleaseScriptingObjects (0ms)
			CreateAndSetChildDomain (26ms)
		EndReloadAssembly (676ms)
			LoadAssemblies (89ms)
			RebuildTransferFunctionScriptingTraits (0ms)
			SetupTypeCache (227ms)
			ReleaseScriptCaches (1ms)
			RebuildScriptCaches (32ms)
			SetupLoadedEditorAssemblies (254ms)
				LogAssemblyErrors (0ms)
				InitializePlatformSupportModulesInManaged (5ms)
				SetLoadedEditorAssemblies (0ms)
				RefreshPlugins (0ms)
				BeforeProcessingInitializeOnLoad (70ms)
				ProcessInitializeOnLoadAttributes (165ms)
				ProcessInitializeOnLoadMethodAttributes (3ms)
				AfterProcessingInitializeOnLoad (9ms)
				EditorAssembliesLoaded (0ms)
			ExecutionOrderSort2 (0ms)
			AwakeInstancesAfterBackupRestoration (6ms)
Platform modules already initialized, skipping
Refreshing native plugins compatible for Editor in 0.29 ms, found 2 plugins.
Preloading 0 native plugins for Editor in 0.00 ms.
Unloading 1391 Unused Serialized files (Serialized files now loaded: 0)
System memory in use before: 70.7 MB.
System memory in use after: 70.8 MB.

Unloading 11 unused Assets to reduce memory usage. Loaded Objects now: 1881.
Total: 2.404400 ms (FindLiveObjects: 0.134200 ms CreateObjectMapping: 0.037800 ms MarkObjects: 2.218300 ms  DeleteObjects: 0.013200 ms)

AssetImportParameters requested are different than current active one (requested -> active):
  custom:framework-win-MediaFoundation: 216162199b28c13a410421893ffa2e32 -> 
  custom:video-decoder-ogg-theora: a1e56fd34408186e4bbccfd4996cb3dc -> 
  custom:container-muxer-webm: aa71ff27fc2769a1b78a27578f13a17b -> 
  custom:container-demuxer-webm: 4f35f7cbe854078d1ac9338744f61a02 -> 
  custom:container-demuxer-ogg: 62fdf1f143b41e24485cea50d1cbac27 -> 
  custom:video-encoder-webm-vp8: eb34c28f22e8b96e1ab97ce403110664 -> 
  custom:video-decoder-webm-vp8: 9c59270c3fd7afecdb556c50c9e8de78 -> 
  custom:audio-decoder-ogg-vorbis: bf7c407c2cedff20999df2af8eb42d56 -> 
  custom:audio-encoder-webm-vorbis: bf7c407c2cedff20999df2af8eb42d56 -> 
========================================================================
Received Import Request.
  Time since last request: 85.021106 seconds.
  path: Assets/_Scripts/StartSceneSet.cs
  artifactKey: Guid(8bd6d0b56137ba44bbdfc24bc3736e6a) Importer(815301076,1909f56bfc062723c751e8b465ee728b)
Start importing Assets/_Scripts/StartSceneSet.cs using Guid(8bd6d0b56137ba44bbdfc24bc3736e6a) Importer(815301076,1909f56bfc062723c751e8b465ee728b)  -> (artifact id: 'a81c23bc8587e1bc5a17dc0126c96915') in 0.010049 seconds 
  Import took 0.012241 seconds .

========================================================================
Received Prepare
Registering precompiled user dll's ...
Registered in 0.003491 seconds.
Begin MonoManager ReloadAssembly
Native extension for WindowsStandalone target not found
Refreshing native plugins compatible for Editor in 0.33 ms, found 2 plugins.
Preloading 0 native plugins for Editor in 0.00 ms.
Mono: successfully reloaded assembly
- Completed reload, in  0.912 seconds
Domain Reload Profiling:
	ReloadAssembly (913ms)
		BeginReloadAssembly (118ms)
			ExecutionOrderSort (0ms)
			DisableScriptedObjects (6ms)
			BackupInstance (0ms)
			ReleaseScriptingObjects (0ms)
			CreateAndSetChildDomain (30ms)
		EndReloadAssembly (733ms)
			LoadAssemblies (96ms)
			RebuildTransferFunctionScriptingTraits (0ms)
			SetupTypeCache (256ms)
			ReleaseScriptCaches (1ms)
			RebuildScriptCaches (38ms)
			SetupLoadedEditorAssemblies (265ms)
				LogAssemblyErrors (0ms)
				InitializePlatformSupportModulesInManaged (5ms)
				SetLoadedEditorAssemblies (0ms)
				RefreshPlugins (0ms)
				BeforeProcessingInitializeOnLoad (73ms)
				ProcessInitializeOnLoadAttributes (172ms)
				ProcessInitializeOnLoadMethodAttributes (4ms)
				AfterProcessingInitializeOnLoad (11ms)
				EditorAssembliesLoaded (0ms)
			ExecutionOrderSort2 (0ms)
			AwakeInstancesAfterBackupRestoration (8ms)
Platform modules already initialized, skipping
Refreshing native plugins compatible for Editor in 0.32 ms, found 2 plugins.
Preloading 0 native plugins for Editor in 0.00 ms.
Unloading 1392 Unused Serialized files (Serialized files now loaded: 0)
System memory in use before: 70.7 MB.
System memory in use after: 70.8 MB.

Unloading 11 unused Assets to reduce memory usage. Loaded Objects now: 1884.
Total: 2.288200 ms (FindLiveObjects: 0.136200 ms CreateObjectMapping: 0.042700 ms MarkObjects: 2.095000 ms  DeleteObjects: 0.013500 ms)

AssetImportParameters requested are different than current active one (requested -> active):
  custom:framework-win-MediaFoundation: 216162199b28c13a410421893ffa2e32 -> 
  custom:video-decoder-ogg-theora: a1e56fd34408186e4bbccfd4996cb3dc -> 
  custom:container-muxer-webm: aa71ff27fc2769a1b78a27578f13a17b -> 
  custom:container-demuxer-webm: 4f35f7cbe854078d1ac9338744f61a02 -> 
  custom:container-demuxer-ogg: 62fdf1f143b41e24485cea50d1cbac27 -> 
  custom:video-encoder-webm-vp8: eb34c28f22e8b96e1ab97ce403110664 -> 
  custom:video-decoder-webm-vp8: 9c59270c3fd7afecdb556c50c9e8de78 -> 
  custom:audio-decoder-ogg-vorbis: bf7c407c2cedff20999df2af8eb42d56 -> 
  custom:audio-encoder-webm-vorbis: bf7c407c2cedff20999df2af8eb42d56 -> 
========================================================================
Received Prepare
Registering precompiled user dll's ...
Registered in 0.003588 seconds.
Begin MonoManager ReloadAssembly
Native extension for WindowsStandalone target not found
Refreshing native plugins compatible for Editor in 0.29 ms, found 2 plugins.
Preloading 0 native plugins for Editor in 0.00 ms.
Mono: successfully reloaded assembly
- Completed reload, in  0.876 seconds
Domain Reload Profiling:
	ReloadAssembly (877ms)
		BeginReloadAssembly (114ms)
			ExecutionOrderSort (0ms)
			DisableScriptedObjects (4ms)
			BackupInstance (0ms)
			ReleaseScriptingObjects (0ms)
			CreateAndSetChildDomain (29ms)
		EndReloadAssembly (691ms)
			LoadAssemblies (91ms)
			RebuildTransferFunctionScriptingTraits (0ms)
			SetupTypeCache (236ms)
			ReleaseScriptCaches (1ms)
			RebuildScriptCaches (33ms)
			SetupLoadedEditorAssemblies (253ms)
				LogAssemblyErrors (0ms)
				InitializePlatformSupportModulesInManaged (5ms)
				SetLoadedEditorAssemblies (0ms)
				RefreshPlugins (0ms)
				BeforeProcessingInitializeOnLoad (69ms)
				ProcessInitializeOnLoadAttributes (166ms)
				ProcessInitializeOnLoadMethodAttributes (4ms)
				AfterProcessingInitializeOnLoad (9ms)
				EditorAssembliesLoaded (0ms)
			ExecutionOrderSort2 (0ms)
			AwakeInstancesAfterBackupRestoration (6ms)
Platform modules already initialized, skipping
Refreshing native plugins compatible for Editor in 0.30 ms, found 2 plugins.
Preloading 0 native plugins for Editor in 0.00 ms.
Unloading 1392 Unused Serialized files (Serialized files now loaded: 0)
System memory in use before: 70.7 MB.
System memory in use after: 70.8 MB.

Unloading 11 unused Assets to reduce memory usage. Loaded Objects now: 1886.
Total: 2.359100 ms (FindLiveObjects: 0.150400 ms CreateObjectMapping: 0.044500 ms MarkObjects: 2.150900 ms  DeleteObjects: 0.012500 ms)

AssetImportParameters requested are different than current active one (requested -> active):
  custom:framework-win-MediaFoundation: 216162199b28c13a410421893ffa2e32 -> 
  custom:video-decoder-ogg-theora: a1e56fd34408186e4bbccfd4996cb3dc -> 
  custom:container-muxer-webm: aa71ff27fc2769a1b78a27578f13a17b -> 
  custom:container-demuxer-webm: 4f35f7cbe854078d1ac9338744f61a02 -> 
  custom:container-demuxer-ogg: 62fdf1f143b41e24485cea50d1cbac27 -> 
  custom:video-encoder-webm-vp8: eb34c28f22e8b96e1ab97ce403110664 -> 
  custom:video-decoder-webm-vp8: 9c59270c3fd7afecdb556c50c9e8de78 -> 
  custom:audio-decoder-ogg-vorbis: bf7c407c2cedff20999df2af8eb42d56 -> 
  custom:audio-encoder-webm-vorbis: bf7c407c2cedff20999df2af8eb42d56 -> 
========================================================================
Received Prepare
Registering precompiled user dll's ...
Registered in 0.003602 seconds.
Begin MonoManager ReloadAssembly
Native extension for WindowsStandalone target not found
Refreshing native plugins compatible for Editor in 0.39 ms, found 2 plugins.
Preloading 0 native plugins for Editor in 0.00 ms.
Mono: successfully reloaded assembly
- Completed reload, in  0.841 seconds
Domain Reload Profiling:
	ReloadAssembly (841ms)
		BeginReloadAssembly (106ms)
			ExecutionOrderSort (0ms)
			DisableScriptedObjects (4ms)
			BackupInstance (0ms)
			ReleaseScriptingObjects (0ms)
			CreateAndSetChildDomain (26ms)
		EndReloadAssembly (675ms)
			LoadAssemblies (88ms)
			RebuildTransferFunctionScriptingTraits (0ms)
			SetupTypeCache (228ms)
			ReleaseScriptCaches (1ms)
			RebuildScriptCaches (32ms)
			SetupLoadedEditorAssemblies (252ms)
				LogAssemblyErrors (0ms)
				InitializePlatformSupportModulesInManaged (5ms)
				SetLoadedEditorAssemblies (0ms)
				RefreshPlugins (0ms)
				BeforeProcessingInitializeOnLoad (67ms)
				ProcessInitializeOnLoadAttributes (166ms)
				ProcessInitializeOnLoadMethodAttributes (4ms)
				AfterProcessingInitializeOnLoad (10ms)
				EditorAssembliesLoaded (0ms)
			ExecutionOrderSort2 (0ms)
			AwakeInstancesAfterBackupRestoration (6ms)
Platform modules already initialized, skipping
Refreshing native plugins compatible for Editor in 0.28 ms, found 2 plugins.
Preloading 0 native plugins for Editor in 0.00 ms.
Unloading 1392 Unused Serialized files (Serialized files now loaded: 0)
System memory in use before: 70.7 MB.
System memory in use after: 70.8 MB.

Unloading 11 unused Assets to reduce memory usage. Loaded Objects now: 1888.
Total: 2.361000 ms (FindLiveObjects: 0.135800 ms CreateObjectMapping: 0.043200 ms MarkObjects: 2.168300 ms  DeleteObjects: 0.012900 ms)

AssetImportParameters requested are different than current active one (requested -> active):
  custom:framework-win-MediaFoundation: 216162199b28c13a410421893ffa2e32 -> 
  custom:video-decoder-ogg-theora: a1e56fd34408186e4bbccfd4996cb3dc -> 
  custom:container-muxer-webm: aa71ff27fc2769a1b78a27578f13a17b -> 
  custom:container-demuxer-webm: 4f35f7cbe854078d1ac9338744f61a02 -> 
  custom:container-demuxer-ogg: 62fdf1f143b41e24485cea50d1cbac27 -> 
  custom:video-encoder-webm-vp8: eb34c28f22e8b96e1ab97ce403110664 -> 
  custom:video-decoder-webm-vp8: 9c59270c3fd7afecdb556c50c9e8de78 -> 
  custom:audio-decoder-ogg-vorbis: bf7c407c2cedff20999df2af8eb42d56 -> 
  custom:audio-encoder-webm-vorbis: bf7c407c2cedff20999df2af8eb42d56 -> 
========================================================================
Received Import Request.
  Time since last request: 174.232668 seconds.
  path: Assets/Scenes/HowToPlayScene.unity
  artifactKey: Guid(1b738f2e77d0743439d844c2532f0b90) Importer(815301076,1909f56bfc062723c751e8b465ee728b)
Start importing Assets/Scenes/HowToPlayScene.unity using Guid(1b738f2e77d0743439d844c2532f0b90) Importer(815301076,1909f56bfc062723c751e8b465ee728b)  -> (artifact id: '28d8145a351d285cfef3ca31e68b4a60') in 0.011242 seconds 
  Import took 0.013569 seconds .

========================================================================
Received Import Request.
  Time since last request: 20.512640 seconds.
  path: Assets/Scenes/GameScene.unity
  artifactKey: Guid(694d8584d0ed5c64daf4b1c5f340ebc4) Importer(815301076,1909f56bfc062723c751e8b465ee728b)
Start importing Assets/Scenes/GameScene.unity using Guid(694d8584d0ed5c64daf4b1c5f340ebc4) Importer(815301076,1909f56bfc062723c751e8b465ee728b)  -> (artifact id: '53342b173d255465895eca160226da2f') in 0.003377 seconds 
  Import took 0.005555 seconds .

========================================================================
Received Import Request.
  Time since last request: 0.000483 seconds.
  path: Assets/Scenes/GameScene.unity
  artifactKey: Guid(694d8584d0ed5c64daf4b1c5f340ebc4) Importer(815301076,1909f56bfc062723c751e8b465ee728b)
Start importing Assets/Scenes/GameScene.unity using Guid(694d8584d0ed5c64daf4b1c5f340ebc4) Importer(815301076,1909f56bfc062723c751e8b465ee728b)  -> (artifact id: '53342b173d255465895eca160226da2f') in 0.002937 seconds 
  Import took 0.005051 seconds .

========================================================================
Received Import Request.
  Time since last request: 10.674999 seconds.
  path: Assets/_Scripts/StartSceneSet.cs
  artifactKey: Guid(8bd6d0b56137ba44bbdfc24bc3736e6a) Importer(815301076,1909f56bfc062723c751e8b465ee728b)
Start importing Assets/_Scripts/StartSceneSet.cs using Guid(8bd6d0b56137ba44bbdfc24bc3736e6a) Importer(815301076,1909f56bfc062723c751e8b465ee728b)  -> (artifact id: '35733f27ff443100122c1f2fb4f3d73c') in 0.003172 seconds 
  Import took 0.009352 seconds .

========================================================================
Received Prepare
Registering precompiled user dll's ...
Registered in 0.003483 seconds.
Begin MonoManager ReloadAssembly
Native extension for WindowsStandalone target not found
Refreshing native plugins compatible for Editor in 0.30 ms, found 2 plugins.
Preloading 0 native plugins for Editor in 0.00 ms.
Mono: successfully reloaded assembly
- Completed reload, in  0.890 seconds
Domain Reload Profiling:
	ReloadAssembly (890ms)
		BeginReloadAssembly (129ms)
			ExecutionOrderSort (0ms)
			DisableScriptedObjects (4ms)
			BackupInstance (0ms)
			ReleaseScriptingObjects (0ms)
			CreateAndSetChildDomain (39ms)
		EndReloadAssembly (698ms)
			LoadAssemblies (91ms)
			RebuildTransferFunctionScriptingTraits (0ms)
			SetupTypeCache (242ms)
			ReleaseScriptCaches (1ms)
			RebuildScriptCaches (33ms)
			SetupLoadedEditorAssemblies (254ms)
				LogAssemblyErrors (0ms)
				InitializePlatformSupportModulesInManaged (5ms)
				SetLoadedEditorAssemblies (0ms)
				RefreshPlugins (0ms)
				BeforeProcessingInitializeOnLoad (68ms)
				ProcessInitializeOnLoadAttributes (168ms)
				ProcessInitializeOnLoadMethodAttributes (4ms)
				AfterProcessingInitializeOnLoad (9ms)
				EditorAssembliesLoaded (0ms)
			ExecutionOrderSort2 (0ms)
			AwakeInstancesAfterBackupRestoration (6ms)
Platform modules already initialized, skipping
Refreshing native plugins compatible for Editor in 0.29 ms, found 2 plugins.
Preloading 0 native plugins for Editor in 0.00 ms.
Unloading 1392 Unused Serialized files (Serialized files now loaded: 0)
System memory in use before: 70.8 MB.
System memory in use after: 70.9 MB.

Unloading 11 unused Assets to reduce memory usage. Loaded Objects now: 1890.
Total: 2.597300 ms (FindLiveObjects: 0.148200 ms CreateObjectMapping: 0.043200 ms MarkObjects: 2.390900 ms  DeleteObjects: 0.014400 ms)

AssetImportParameters requested are different than current active one (requested -> active):
  custom:framework-win-MediaFoundation: 216162199b28c13a410421893ffa2e32 -> 
  custom:video-decoder-ogg-theora: a1e56fd34408186e4bbccfd4996cb3dc -> 
  custom:container-muxer-webm: aa71ff27fc2769a1b78a27578f13a17b -> 
  custom:container-demuxer-webm: 4f35f7cbe854078d1ac9338744f61a02 -> 
  custom:container-demuxer-ogg: 62fdf1f143b41e24485cea50d1cbac27 -> 
  custom:video-encoder-webm-vp8: eb34c28f22e8b96e1ab97ce403110664 -> 
  custom:video-decoder-webm-vp8: 9c59270c3fd7afecdb556c50c9e8de78 -> 
  custom:audio-decoder-ogg-vorbis: bf7c407c2cedff20999df2af8eb42d56 -> 
  custom:audio-encoder-webm-vorbis: bf7c407c2cedff20999df2af8eb42d56 -> 
========================================================================
Received Import Request.
  Time since last request: 155.470351 seconds.
  path: Assets/Scenes/GameOverScene.unity
  artifactKey: Guid(f49f7a7d21b0be6459cdbcc1c286a1b8) Importer(815301076,1909f56bfc062723c751e8b465ee728b)
Start importing Assets/Scenes/GameOverScene.unity using Guid(f49f7a7d21b0be6459cdbcc1c286a1b8) Importer(815301076,1909f56bfc062723c751e8b465ee728b)  -> (artifact id: '330ed8e223accc565e832ff57fd29b2a') in 0.010469 seconds 
  Import took 0.016551 seconds .

